2020-08-10 16:28:31,415:INFO:PyCaret Classification Module
2020-08-10 16:28:31,415:INFO:version 2.0
2020-08-10 16:28:31,415:INFO:Initializing setup()
2020-08-10 16:28:31,415:INFO:USI: c948
2020-08-10 16:28:31,415:INFO:setup(data=(4305, 33), target=gender, train_size=0.7, sampling=True, sample_estimator=None, categorical_features=None, categorical_imputation=constant, ordinal_features=None,
                    high_cardinality_features=None, high_cardinality_method=frequency, numeric_features=None, numeric_imputation=mean, date_features=None, ignore_features=None, normalize=False,
                    normalize_method=zscore, transformation=False, transformation_method=yeo-johnson, handle_unknown_categorical=True, unknown_categorical_method=least_frequent, pca=False, pca_method=linear,
                    pca_components=None, ignore_low_variance=False, combine_rare_levels=False, rare_level_threshold=0.1, bin_numeric_features=None, remove_outliers=False, outliers_threshold=0.05,
                    remove_multicollinearity=False, multicollinearity_threshold=0.9, remove_perfect_collinearity=False, create_clusters=False, cluster_iter=20,
                    polynomial_features=False, polynomial_degree=2, trigonometry_features=False, polynomial_threshold=0.1, group_features=None,
                    group_names=None, feature_selection=False, feature_selection_threshold=0.8, feature_interaction=False, feature_ratio=False, interaction_threshold=0.01,
                    fix_imbalance=False, fix_imbalance_method=None, data_split_shuffle=True, folds_shuffle=False, n_jobs=-1, html=True, session_id=None, log_experiment=False,
                    experiment_name=None, log_plots=False, log_profile=False, log_data=False, silent=False, verbose=True, profile=False)
2020-08-10 16:28:31,415:INFO:Checking environment
2020-08-10 16:28:31,415:INFO:python_version: 3.6.9
2020-08-10 16:28:31,415:INFO:python_build: ('default', 'Jul 30 2019 19:07:31')
2020-08-10 16:28:31,415:INFO:machine: x86_64
2020-08-10 16:28:31,416:INFO:platform: Linux-4.15.0-112-generic-x86_64-with-debian-buster-sid
2020-08-10 16:28:31,433:INFO:Memory: svmem(total=16522231808, available=4377718784, percent=73.5, used=9915854848, free=2786570240, active=10531176448, inactive=2429149184, buffers=249176064, cached=3570630656, shared=1875673088, slab=426139648)
2020-08-10 16:28:31,434:INFO:Physical Core: 4
2020-08-10 16:28:31,434:INFO:Logical Core: 8
2020-08-10 16:28:31,434:INFO:Checking libraries
2020-08-10 16:28:31,434:INFO:pd==0.25.2
2020-08-10 16:28:31,434:INFO:numpy==1.17.3
2020-08-10 16:28:31,724:INFO:sklearn==0.23.2
2020-08-10 16:28:31,747:INFO:xgboost==1.1.1
2020-08-10 16:28:31,753:INFO:lightgbm==2.3.1
2020-08-10 16:28:31,816:INFO:catboost==0.24
2020-08-10 16:28:32,221:INFO:mlflow==1.10.0
2020-08-10 16:28:32,221:INFO:Checking Exceptions
2020-08-10 16:28:32,221:INFO:Preloading libraries
2020-08-10 16:28:32,221:INFO:Preparing display monitor
2020-08-10 16:28:32,231:INFO:Importing libraries
2020-08-10 16:28:32,701:INFO:Copying data for preprocessing
2020-08-10 16:28:32,702:INFO:Declaring global variables
2020-08-10 16:28:32,707:INFO:Declaring preprocessing parameters
2020-08-10 16:28:32,707:INFO:Importing preprocessing module
2020-08-10 16:28:33,188:INFO:Creating preprocessing pipeline
2020-08-10 16:31:57,599:INFO:PyCaret Classification Module
2020-08-10 16:31:57,600:INFO:version 2.0
2020-08-10 16:31:57,600:INFO:Initializing setup()
2020-08-10 16:31:57,600:INFO:USI: 9489
2020-08-10 16:31:57,600:INFO:setup(data=(4305, 33), target=gender, train_size=0.7, sampling=True, sample_estimator=None, categorical_features=None, categorical_imputation=constant, ordinal_features=None,
                    high_cardinality_features=None, high_cardinality_method=frequency, numeric_features=Index(['Passes', 'Successful_passes', 'Unsuccessful_passes', 'Crosses',
       'Successful_crosses', 'Unsuccessful_crosses', 'Long_passes',
       'Long_passes_won', 'Long_passes_lost', 'Aerial', 'Aerial_won',
       'Aerial_lost', 'Ground_duels', 'Ground_duels_won', 'Ground_duels_lost',
       'Free_kicks', 'Fouls_won', 'Fouls_conceded', 'Corners',
       'Corners_successful', 'Corners_unsuccessful', 'Interceptions', 'Saves',
       'Clearance_won', 'Shots', 'Shots_on_target', 'Shots_off_target',
       'Goals', 'Goals_from_penalty', 'Own_goals', 'Total_touches',
       'PlayerType', 'gender'],
      dtype='object'), numeric_imputation=mean, date_features=None, ignore_features=None, normalize=False,
                    normalize_method=zscore, transformation=False, transformation_method=yeo-johnson, handle_unknown_categorical=True, unknown_categorical_method=least_frequent, pca=False, pca_method=linear,
                    pca_components=None, ignore_low_variance=False, combine_rare_levels=False, rare_level_threshold=0.1, bin_numeric_features=None, remove_outliers=False, outliers_threshold=0.05,
                    remove_multicollinearity=False, multicollinearity_threshold=0.9, remove_perfect_collinearity=False, create_clusters=False, cluster_iter=20,
                    polynomial_features=False, polynomial_degree=2, trigonometry_features=False, polynomial_threshold=0.1, group_features=None,
                    group_names=None, feature_selection=False, feature_selection_threshold=0.8, feature_interaction=False, feature_ratio=False, interaction_threshold=0.01,
                    fix_imbalance=False, fix_imbalance_method=None, data_split_shuffle=True, folds_shuffle=False, n_jobs=-1, html=True, session_id=None, log_experiment=False,
                    experiment_name=None, log_plots=False, log_profile=False, log_data=False, silent=False, verbose=True, profile=False)
2020-08-10 16:31:57,600:INFO:Checking environment
2020-08-10 16:31:57,600:INFO:python_version: 3.6.9
2020-08-10 16:31:57,600:INFO:python_build: ('default', 'Jul 30 2019 19:07:31')
2020-08-10 16:31:57,600:INFO:machine: x86_64
2020-08-10 16:31:57,600:INFO:platform: Linux-4.15.0-112-generic-x86_64-with-debian-buster-sid
2020-08-10 16:31:57,600:INFO:Memory: svmem(total=16522231808, available=4052283392, percent=75.5, used=10189094912, free=2431729664, active=10807021568, inactive=2504183808, buffers=250843136, cached=3650564096, shared=1927868416, slab=426627072)
2020-08-10 16:31:57,601:INFO:Physical Core: 4
2020-08-10 16:31:57,601:INFO:Logical Core: 8
2020-08-10 16:31:57,601:INFO:Checking libraries
2020-08-10 16:31:57,601:INFO:pd==0.25.2
2020-08-10 16:31:57,601:INFO:numpy==1.17.3
2020-08-10 16:31:57,601:INFO:sklearn==0.23.2
2020-08-10 16:31:57,601:INFO:xgboost==1.1.1
2020-08-10 16:31:57,601:INFO:lightgbm==2.3.1
2020-08-10 16:31:57,601:INFO:catboost==0.24
2020-08-10 16:31:57,601:INFO:mlflow==1.10.0
2020-08-10 16:31:57,601:INFO:Checking Exceptions
2020-08-10 16:32:49,319:INFO:PyCaret Classification Module
2020-08-10 16:32:49,319:INFO:version 2.0
2020-08-10 16:32:49,319:INFO:Initializing setup()
2020-08-10 16:32:49,319:INFO:USI: 965b
2020-08-10 16:32:49,319:INFO:setup(data=(4305, 33), target=gender, train_size=0.7, sampling=True, sample_estimator=None, categorical_features=None, categorical_imputation=constant, ordinal_features=None,
                    high_cardinality_features=None, high_cardinality_method=frequency, numeric_features=['Passes', 'Successful_passes', 'Unsuccessful_passes', 'Crosses', 'Successful_crosses', 'Unsuccessful_crosses', 'Long_passes', 'Long_passes_won', 'Long_passes_lost', 'Aerial', 'Aerial_won', 'Aerial_lost', 'Ground_duels', 'Ground_duels_won', 'Ground_duels_lost', 'Free_kicks', 'Fouls_won', 'Fouls_conceded', 'Corners', 'Corners_successful', 'Corners_unsuccessful', 'Interceptions', 'Saves', 'Clearance_won', 'Shots', 'Shots_on_target', 'Shots_off_target', 'Goals', 'Goals_from_penalty', 'Own_goals', 'Total_touches', 'PlayerType'], numeric_imputation=mean, date_features=None, ignore_features=None, normalize=False,
                    normalize_method=zscore, transformation=False, transformation_method=yeo-johnson, handle_unknown_categorical=True, unknown_categorical_method=least_frequent, pca=False, pca_method=linear,
                    pca_components=None, ignore_low_variance=False, combine_rare_levels=False, rare_level_threshold=0.1, bin_numeric_features=None, remove_outliers=False, outliers_threshold=0.05,
                    remove_multicollinearity=False, multicollinearity_threshold=0.9, remove_perfect_collinearity=False, create_clusters=False, cluster_iter=20,
                    polynomial_features=False, polynomial_degree=2, trigonometry_features=False, polynomial_threshold=0.1, group_features=None,
                    group_names=None, feature_selection=False, feature_selection_threshold=0.8, feature_interaction=False, feature_ratio=False, interaction_threshold=0.01,
                    fix_imbalance=False, fix_imbalance_method=None, data_split_shuffle=True, folds_shuffle=False, n_jobs=-1, html=True, session_id=None, log_experiment=False,
                    experiment_name=None, log_plots=False, log_profile=False, log_data=False, silent=False, verbose=True, profile=False)
2020-08-10 16:32:49,319:INFO:Checking environment
2020-08-10 16:32:49,319:INFO:python_version: 3.6.9
2020-08-10 16:32:49,319:INFO:python_build: ('default', 'Jul 30 2019 19:07:31')
2020-08-10 16:32:49,319:INFO:machine: x86_64
2020-08-10 16:32:49,319:INFO:platform: Linux-4.15.0-112-generic-x86_64-with-debian-buster-sid
2020-08-10 16:32:49,319:INFO:Memory: svmem(total=16522231808, available=4086628352, percent=75.3, used=10161205248, free=2462720000, active=10782089216, inactive=2499403776, buffers=251273216, cached=3647033344, shared=1921413120, slab=427122688)
2020-08-10 16:32:49,320:INFO:Physical Core: 4
2020-08-10 16:32:49,320:INFO:Logical Core: 8
2020-08-10 16:32:49,320:INFO:Checking libraries
2020-08-10 16:32:49,320:INFO:pd==0.25.2
2020-08-10 16:32:49,320:INFO:numpy==1.17.3
2020-08-10 16:32:49,320:INFO:sklearn==0.23.2
2020-08-10 16:32:49,320:INFO:xgboost==1.1.1
2020-08-10 16:32:49,320:INFO:lightgbm==2.3.1
2020-08-10 16:32:49,320:INFO:catboost==0.24
2020-08-10 16:32:49,320:INFO:mlflow==1.10.0
2020-08-10 16:32:49,320:INFO:Checking Exceptions
2020-08-10 16:32:49,320:INFO:Preloading libraries
2020-08-10 16:32:49,320:INFO:Preparing display monitor
2020-08-10 16:32:49,328:INFO:Importing libraries
2020-08-10 16:32:49,330:INFO:Copying data for preprocessing
2020-08-10 16:32:49,330:INFO:Declaring global variables
2020-08-10 16:32:49,332:INFO:Declaring preprocessing parameters
2020-08-10 16:32:49,333:INFO:Importing preprocessing module
2020-08-10 16:32:49,333:INFO:Creating preprocessing pipeline
2020-08-10 16:33:05,633:INFO:PyCaret Classification Module
2020-08-10 16:33:05,634:INFO:version 2.0
2020-08-10 16:33:05,634:INFO:Initializing setup()
2020-08-10 16:33:05,634:INFO:USI: 10a9
2020-08-10 16:33:05,634:INFO:setup(data=(4305, 33), target=gender, train_size=0.7, sampling=True, sample_estimator=None, categorical_features=None, categorical_imputation=constant, ordinal_features=None,
                    high_cardinality_features=None, high_cardinality_method=frequency, numeric_features=['Passes', 'Successful_passes', 'Unsuccessful_passes', 'Crosses', 'Successful_crosses', 'Unsuccessful_crosses', 'Long_passes', 'Long_passes_won', 'Long_passes_lost', 'Aerial', 'Aerial_won', 'Aerial_lost', 'Ground_duels', 'Ground_duels_won', 'Ground_duels_lost', 'Free_kicks', 'Fouls_won', 'Fouls_conceded', 'Corners', 'Corners_successful', 'Corners_unsuccessful', 'Interceptions', 'Saves', 'Clearance_won', 'Shots', 'Shots_on_target', 'Shots_off_target', 'Goals', 'Goals_from_penalty', 'Own_goals', 'Total_touches'], numeric_imputation=mean, date_features=None, ignore_features=None, normalize=False,
                    normalize_method=zscore, transformation=False, transformation_method=yeo-johnson, handle_unknown_categorical=True, unknown_categorical_method=least_frequent, pca=False, pca_method=linear,
                    pca_components=None, ignore_low_variance=False, combine_rare_levels=False, rare_level_threshold=0.1, bin_numeric_features=None, remove_outliers=False, outliers_threshold=0.05,
                    remove_multicollinearity=False, multicollinearity_threshold=0.9, remove_perfect_collinearity=False, create_clusters=False, cluster_iter=20,
                    polynomial_features=False, polynomial_degree=2, trigonometry_features=False, polynomial_threshold=0.1, group_features=None,
                    group_names=None, feature_selection=False, feature_selection_threshold=0.8, feature_interaction=False, feature_ratio=False, interaction_threshold=0.01,
                    fix_imbalance=False, fix_imbalance_method=None, data_split_shuffle=True, folds_shuffle=False, n_jobs=-1, html=True, session_id=None, log_experiment=False,
                    experiment_name=None, log_plots=False, log_profile=False, log_data=False, silent=False, verbose=True, profile=False)
2020-08-10 16:33:05,634:INFO:Checking environment
2020-08-10 16:33:05,634:INFO:python_version: 3.6.9
2020-08-10 16:33:05,634:INFO:python_build: ('default', 'Jul 30 2019 19:07:31')
2020-08-10 16:33:05,634:INFO:machine: x86_64
2020-08-10 16:33:05,634:INFO:platform: Linux-4.15.0-112-generic-x86_64-with-debian-buster-sid
2020-08-10 16:33:05,634:INFO:Memory: svmem(total=16522231808, available=4059869184, percent=75.4, used=10192461824, free=2430136320, active=10811011072, inactive=2500575232, buffers=251375616, cached=3648258048, shared=1916907520, slab=427048960)
2020-08-10 16:33:05,634:INFO:Physical Core: 4
2020-08-10 16:33:05,634:INFO:Logical Core: 8
2020-08-10 16:33:05,634:INFO:Checking libraries
2020-08-10 16:33:05,634:INFO:pd==0.25.2
2020-08-10 16:33:05,635:INFO:numpy==1.17.3
2020-08-10 16:33:05,635:INFO:sklearn==0.23.2
2020-08-10 16:33:05,635:INFO:xgboost==1.1.1
2020-08-10 16:33:05,635:INFO:lightgbm==2.3.1
2020-08-10 16:33:05,635:INFO:catboost==0.24
2020-08-10 16:33:05,635:INFO:mlflow==1.10.0
2020-08-10 16:33:05,635:INFO:Checking Exceptions
2020-08-10 16:33:05,635:INFO:Preloading libraries
2020-08-10 16:33:05,635:INFO:Preparing display monitor
2020-08-10 16:33:05,641:INFO:Importing libraries
2020-08-10 16:33:05,643:INFO:Copying data for preprocessing
2020-08-10 16:33:05,643:INFO:Declaring global variables
2020-08-10 16:33:05,645:INFO:Declaring preprocessing parameters
2020-08-10 16:33:05,645:INFO:Importing preprocessing module
2020-08-10 16:33:05,645:INFO:Creating preprocessing pipeline
2020-08-10 16:33:10,366:INFO:Preprocessing pipeline created successfully
2020-08-10 16:33:10,366:INFO:Creating grid variables
2020-08-10 16:33:10,367:INFO:Creating global containers
2020-08-10 16:33:10,405:INFO:create_model_container 0
2020-08-10 16:33:10,405:INFO:master_model_container 0
2020-08-10 16:33:10,405:INFO:display_container 0
2020-08-10 16:33:10,410:INFO:Pipeline(memory=None,
         steps=[('dtypes',
                 DataTypes_Auto_infer(categorical_features=[],
                                      display_types=True, features_todrop=[],
                                      ml_usecase='classification',
                                      numerical_features=['Passes',
                                                          'Successful_passes',
                                                          'Unsuccessful_passes',
                                                          'Crosses',
                                                          'Successful_crosses',
                                                          'Unsuccessful_crosses',
                                                          'Long_passes',
                                                          'Long_passes_won',
                                                          'Long_passes_lost',
                                                          'Aerial',
                                                          'Aerial_won',
                                                          'Ae...
                ('group', Empty()), ('nonliner', Empty()), ('scaling', Empty()),
                ('P_transform', Empty()), ('pt_target', Empty()),
                ('binn', Empty()), ('rem_outliers', Empty()),
                ('cluster_all', Empty()), ('dummy', Dummify(target='gender')),
                ('fix_perfect', Empty()), ('clean_names', Clean_Colum_Names()),
                ('feature_select', Empty()), ('fix_multi', Empty()),
                ('dfs', Empty()), ('pca', Empty())],
         verbose=False)
2020-08-10 16:33:10,410:INFO:setup() succesfully completed......................................
2020-08-10 16:35:31,159:INFO:Initializing compare_models()
2020-08-10 16:35:31,160:INFO:compare_models(blacklist=None, whitelist=None, fold=10, round=4, sort=Accuracy, n_select=1, turbo=True, verbose=True)
2020-08-10 16:35:31,160:INFO:Checking exceptions
2020-08-10 16:35:31,163:INFO:Preloading libraries
2020-08-10 16:35:31,164:INFO:Preparing display monitor
2020-08-10 16:35:31,184:INFO:Copying training dataset
2020-08-10 16:35:31,184:INFO:Importing libraries
2020-08-10 16:35:31,209:INFO:Importing untrained models
2020-08-10 16:35:31,211:INFO:Import successful
2020-08-10 16:35:31,220:INFO:Defining folds
2020-08-10 16:35:31,220:INFO:Declaring metric variables
2020-08-10 16:35:31,221:INFO:Initializing Logistic Regression
2020-08-10 16:35:31,231:INFO:Initializing Fold 1
2020-08-10 16:35:31,236:INFO:Fitting Model
2020-08-10 16:35:31,706:INFO:Evaluating Metrics
2020-08-10 16:35:31,732:INFO:Compiling Metrics
2020-08-10 16:35:31,741:INFO:Initializing Fold 2
2020-08-10 16:35:31,746:INFO:Fitting Model
2020-08-10 16:35:32,089:INFO:Evaluating Metrics
2020-08-10 16:35:32,115:INFO:Compiling Metrics
2020-08-10 16:35:32,124:INFO:Initializing Fold 3
2020-08-10 16:35:32,130:INFO:Fitting Model
2020-08-10 16:35:32,408:INFO:Evaluating Metrics
2020-08-10 16:35:32,443:INFO:Compiling Metrics
2020-08-10 16:35:32,452:INFO:Initializing Fold 4
2020-08-10 16:35:32,458:INFO:Fitting Model
2020-08-10 16:35:32,857:INFO:Evaluating Metrics
2020-08-10 16:35:32,891:INFO:Compiling Metrics
2020-08-10 16:35:32,906:INFO:Initializing Fold 5
2020-08-10 16:35:32,920:INFO:Fitting Model
2020-08-10 16:35:33,239:INFO:Evaluating Metrics
2020-08-10 16:35:33,276:INFO:Compiling Metrics
2020-08-10 16:35:33,293:INFO:Initializing Fold 6
2020-08-10 16:35:33,301:INFO:Fitting Model
2020-08-10 16:35:33,582:INFO:Evaluating Metrics
2020-08-10 16:35:33,607:INFO:Compiling Metrics
2020-08-10 16:35:33,619:INFO:Initializing Fold 7
2020-08-10 16:35:33,626:INFO:Fitting Model
2020-08-10 16:35:33,955:INFO:Evaluating Metrics
2020-08-10 16:35:33,990:INFO:Compiling Metrics
2020-08-10 16:35:33,999:INFO:Initializing Fold 8
2020-08-10 16:35:34,006:INFO:Fitting Model
2020-08-10 16:35:34,199:INFO:Evaluating Metrics
2020-08-10 16:35:34,234:INFO:Compiling Metrics
2020-08-10 16:35:34,248:INFO:Initializing Fold 9
2020-08-10 16:35:34,262:INFO:Fitting Model
2020-08-10 16:35:34,524:INFO:Evaluating Metrics
2020-08-10 16:35:34,560:INFO:Compiling Metrics
2020-08-10 16:35:34,573:INFO:Initializing Fold 10
2020-08-10 16:35:34,586:INFO:Fitting Model
2020-08-10 16:35:34,866:INFO:Evaluating Metrics
2020-08-10 16:35:34,899:INFO:Compiling Metrics
2020-08-10 16:35:34,916:INFO:Calculating mean and std
2020-08-10 16:35:34,918:INFO:Creating metrics dataframe
2020-08-10 16:35:34,957:INFO:Initializing K Neighbors Classifier
2020-08-10 16:35:34,973:INFO:Initializing Fold 1
2020-08-10 16:35:34,997:INFO:Fitting Model
2020-08-10 16:35:35,023:INFO:Evaluating Metrics
2020-08-10 16:35:35,283:INFO:Compiling Metrics
2020-08-10 16:35:35,295:INFO:Initializing Fold 2
2020-08-10 16:35:35,304:INFO:Fitting Model
2020-08-10 16:35:35,324:INFO:Evaluating Metrics
2020-08-10 16:35:35,618:INFO:Compiling Metrics
2020-08-10 16:35:35,627:INFO:Initializing Fold 3
2020-08-10 16:35:35,633:INFO:Fitting Model
2020-08-10 16:35:35,648:INFO:Evaluating Metrics
2020-08-10 16:35:35,895:INFO:Compiling Metrics
2020-08-10 16:35:35,902:INFO:Initializing Fold 4
2020-08-10 16:35:35,908:INFO:Fitting Model
2020-08-10 16:35:35,926:INFO:Evaluating Metrics
2020-08-10 16:35:36,184:INFO:Compiling Metrics
2020-08-10 16:35:36,192:INFO:Initializing Fold 5
2020-08-10 16:35:36,198:INFO:Fitting Model
2020-08-10 16:35:36,213:INFO:Evaluating Metrics
2020-08-10 16:35:36,514:INFO:Compiling Metrics
2020-08-10 16:35:36,522:INFO:Initializing Fold 6
2020-08-10 16:35:36,527:INFO:Fitting Model
2020-08-10 16:35:36,542:INFO:Evaluating Metrics
2020-08-10 16:35:36,805:INFO:Compiling Metrics
2020-08-10 16:35:36,817:INFO:Initializing Fold 7
2020-08-10 16:35:36,826:INFO:Fitting Model
2020-08-10 16:35:36,848:INFO:Evaluating Metrics
2020-08-10 16:35:37,085:INFO:Compiling Metrics
2020-08-10 16:35:37,091:INFO:Initializing Fold 8
2020-08-10 16:35:37,097:INFO:Fitting Model
2020-08-10 16:35:37,113:INFO:Evaluating Metrics
2020-08-10 16:35:37,391:INFO:Compiling Metrics
2020-08-10 16:35:37,401:INFO:Initializing Fold 9
2020-08-10 16:35:37,406:INFO:Fitting Model
2020-08-10 16:35:37,422:INFO:Evaluating Metrics
2020-08-10 16:35:37,719:INFO:Compiling Metrics
2020-08-10 16:35:37,727:INFO:Initializing Fold 10
2020-08-10 16:35:37,733:INFO:Fitting Model
2020-08-10 16:35:37,748:INFO:Evaluating Metrics
2020-08-10 16:35:38,065:INFO:Compiling Metrics
2020-08-10 16:35:38,076:INFO:Calculating mean and std
2020-08-10 16:35:38,077:INFO:Creating metrics dataframe
2020-08-10 16:35:38,096:INFO:Initializing Naive Bayes
2020-08-10 16:35:38,104:INFO:Initializing Fold 1
2020-08-10 16:35:38,111:INFO:Fitting Model
2020-08-10 16:35:38,120:INFO:Evaluating Metrics
2020-08-10 16:35:38,143:INFO:Compiling Metrics
2020-08-10 16:35:38,153:INFO:Initializing Fold 2
2020-08-10 16:35:38,159:INFO:Fitting Model
2020-08-10 16:35:38,168:INFO:Evaluating Metrics
2020-08-10 16:35:38,184:INFO:Compiling Metrics
2020-08-10 16:35:38,190:INFO:Initializing Fold 3
2020-08-10 16:35:38,194:INFO:Fitting Model
2020-08-10 16:35:38,200:INFO:Evaluating Metrics
2020-08-10 16:35:38,217:INFO:Compiling Metrics
2020-08-10 16:35:38,223:INFO:Initializing Fold 4
2020-08-10 16:35:38,227:INFO:Fitting Model
2020-08-10 16:35:38,233:INFO:Evaluating Metrics
2020-08-10 16:35:38,249:INFO:Compiling Metrics
2020-08-10 16:35:38,255:INFO:Initializing Fold 5
2020-08-10 16:35:38,259:INFO:Fitting Model
2020-08-10 16:35:38,267:INFO:Evaluating Metrics
2020-08-10 16:35:38,285:INFO:Compiling Metrics
2020-08-10 16:35:38,291:INFO:Initializing Fold 6
2020-08-10 16:35:38,298:INFO:Fitting Model
2020-08-10 16:35:38,303:INFO:Evaluating Metrics
2020-08-10 16:35:38,322:INFO:Compiling Metrics
2020-08-10 16:35:38,329:INFO:Initializing Fold 7
2020-08-10 16:35:38,333:INFO:Fitting Model
2020-08-10 16:35:38,339:INFO:Evaluating Metrics
2020-08-10 16:35:38,357:INFO:Compiling Metrics
2020-08-10 16:35:38,366:INFO:Initializing Fold 8
2020-08-10 16:35:38,372:INFO:Fitting Model
2020-08-10 16:35:38,379:INFO:Evaluating Metrics
2020-08-10 16:35:38,397:INFO:Compiling Metrics
2020-08-10 16:35:38,403:INFO:Initializing Fold 9
2020-08-10 16:35:38,407:INFO:Fitting Model
2020-08-10 16:35:38,413:INFO:Evaluating Metrics
2020-08-10 16:35:38,428:INFO:Compiling Metrics
2020-08-10 16:35:38,435:INFO:Initializing Fold 10
2020-08-10 16:35:38,439:INFO:Fitting Model
2020-08-10 16:35:38,444:INFO:Evaluating Metrics
2020-08-10 16:35:38,459:INFO:Compiling Metrics
2020-08-10 16:35:38,467:INFO:Calculating mean and std
2020-08-10 16:35:38,467:INFO:Creating metrics dataframe
2020-08-10 16:35:38,479:INFO:Initializing Decision Tree Classifier
2020-08-10 16:35:38,484:INFO:Initializing Fold 1
2020-08-10 16:35:38,488:INFO:Fitting Model
2020-08-10 16:35:38,513:INFO:Evaluating Metrics
2020-08-10 16:35:38,528:INFO:Compiling Metrics
2020-08-10 16:35:38,536:INFO:Initializing Fold 2
2020-08-10 16:35:38,539:INFO:Fitting Model
2020-08-10 16:35:38,565:INFO:Evaluating Metrics
2020-08-10 16:35:38,578:INFO:Compiling Metrics
2020-08-10 16:35:38,584:INFO:Initializing Fold 3
2020-08-10 16:35:38,588:INFO:Fitting Model
2020-08-10 16:35:38,607:INFO:Evaluating Metrics
2020-08-10 16:35:38,621:INFO:Compiling Metrics
2020-08-10 16:35:38,625:INFO:Initializing Fold 4
2020-08-10 16:35:38,631:INFO:Fitting Model
2020-08-10 16:35:38,649:INFO:Evaluating Metrics
2020-08-10 16:35:38,661:INFO:Compiling Metrics
2020-08-10 16:35:38,667:INFO:Initializing Fold 5
2020-08-10 16:35:38,671:INFO:Fitting Model
2020-08-10 16:35:38,689:INFO:Evaluating Metrics
2020-08-10 16:35:38,702:INFO:Compiling Metrics
2020-08-10 16:35:38,707:INFO:Initializing Fold 6
2020-08-10 16:35:38,711:INFO:Fitting Model
2020-08-10 16:35:38,731:INFO:Evaluating Metrics
2020-08-10 16:35:38,743:INFO:Compiling Metrics
2020-08-10 16:35:38,749:INFO:Initializing Fold 7
2020-08-10 16:35:38,753:INFO:Fitting Model
2020-08-10 16:35:38,772:INFO:Evaluating Metrics
2020-08-10 16:35:38,788:INFO:Compiling Metrics
2020-08-10 16:35:38,794:INFO:Initializing Fold 8
2020-08-10 16:35:38,800:INFO:Fitting Model
2020-08-10 16:35:38,820:INFO:Evaluating Metrics
2020-08-10 16:35:38,833:INFO:Compiling Metrics
2020-08-10 16:35:38,839:INFO:Initializing Fold 9
2020-08-10 16:35:38,842:INFO:Fitting Model
2020-08-10 16:35:38,862:INFO:Evaluating Metrics
2020-08-10 16:35:38,875:INFO:Compiling Metrics
2020-08-10 16:35:38,881:INFO:Initializing Fold 10
2020-08-10 16:35:38,886:INFO:Fitting Model
2020-08-10 16:35:38,906:INFO:Evaluating Metrics
2020-08-10 16:35:38,919:INFO:Compiling Metrics
2020-08-10 16:35:38,925:INFO:Calculating mean and std
2020-08-10 16:35:38,925:INFO:Creating metrics dataframe
2020-08-10 16:35:38,941:INFO:Initializing SVM - Linear Kernel
2020-08-10 16:35:38,945:INFO:Initializing Fold 1
2020-08-10 16:35:38,949:INFO:Fitting Model
2020-08-10 16:35:38,966:INFO:Evaluating Metrics
2020-08-10 16:35:38,966:WARNING:model has no predict_proba attribute. pred_prob set to 0.00
2020-08-10 16:35:38,974:WARNING:model has no predict_proba attribute. AUC set to 0.00
2020-08-10 16:35:38,983:INFO:Compiling Metrics
2020-08-10 16:35:38,994:INFO:Initializing Fold 2
2020-08-10 16:35:39,002:INFO:Fitting Model
2020-08-10 16:35:39,019:INFO:Evaluating Metrics
2020-08-10 16:35:39,019:WARNING:model has no predict_proba attribute. pred_prob set to 0.00
2020-08-10 16:35:39,029:WARNING:model has no predict_proba attribute. AUC set to 0.00
2020-08-10 16:35:39,037:INFO:Compiling Metrics
2020-08-10 16:35:39,047:INFO:Initializing Fold 3
2020-08-10 16:35:39,053:INFO:Fitting Model
2020-08-10 16:35:39,067:INFO:Evaluating Metrics
2020-08-10 16:35:39,068:WARNING:model has no predict_proba attribute. pred_prob set to 0.00
2020-08-10 16:35:39,078:WARNING:model has no predict_proba attribute. AUC set to 0.00
2020-08-10 16:35:39,086:INFO:Compiling Metrics
2020-08-10 16:35:39,101:INFO:Initializing Fold 4
2020-08-10 16:35:39,109:INFO:Fitting Model
2020-08-10 16:35:39,138:INFO:Evaluating Metrics
2020-08-10 16:35:39,139:WARNING:model has no predict_proba attribute. pred_prob set to 0.00
2020-08-10 16:35:39,150:WARNING:model has no predict_proba attribute. AUC set to 0.00
2020-08-10 16:35:39,157:INFO:Compiling Metrics
2020-08-10 16:35:39,166:INFO:Initializing Fold 5
2020-08-10 16:35:39,172:INFO:Fitting Model
2020-08-10 16:35:39,187:INFO:Evaluating Metrics
2020-08-10 16:35:39,187:WARNING:model has no predict_proba attribute. pred_prob set to 0.00
2020-08-10 16:35:39,197:WARNING:model has no predict_proba attribute. AUC set to 0.00
2020-08-10 16:35:39,204:INFO:Compiling Metrics
2020-08-10 16:35:39,215:INFO:Initializing Fold 6
2020-08-10 16:35:39,223:INFO:Fitting Model
2020-08-10 16:35:39,246:INFO:Evaluating Metrics
2020-08-10 16:35:39,246:WARNING:model has no predict_proba attribute. pred_prob set to 0.00
2020-08-10 16:35:39,255:WARNING:model has no predict_proba attribute. AUC set to 0.00
2020-08-10 16:35:39,263:INFO:Compiling Metrics
2020-08-10 16:35:39,273:INFO:Initializing Fold 7
2020-08-10 16:35:39,279:INFO:Fitting Model
2020-08-10 16:35:39,299:INFO:Evaluating Metrics
2020-08-10 16:35:39,299:WARNING:model has no predict_proba attribute. pred_prob set to 0.00
2020-08-10 16:35:39,319:WARNING:model has no predict_proba attribute. AUC set to 0.00
2020-08-10 16:35:39,326:INFO:Compiling Metrics
2020-08-10 16:35:39,334:INFO:Initializing Fold 8
2020-08-10 16:35:39,340:INFO:Fitting Model
2020-08-10 16:35:39,359:INFO:Evaluating Metrics
2020-08-10 16:35:39,359:WARNING:model has no predict_proba attribute. pred_prob set to 0.00
2020-08-10 16:35:39,367:WARNING:model has no predict_proba attribute. AUC set to 0.00
2020-08-10 16:35:39,374:INFO:Compiling Metrics
2020-08-10 16:35:39,383:INFO:Initializing Fold 9
2020-08-10 16:35:39,389:INFO:Fitting Model
2020-08-10 16:35:39,410:INFO:Evaluating Metrics
2020-08-10 16:35:39,410:WARNING:model has no predict_proba attribute. pred_prob set to 0.00
2020-08-10 16:35:39,418:WARNING:model has no predict_proba attribute. AUC set to 0.00
2020-08-10 16:35:39,425:INFO:Compiling Metrics
2020-08-10 16:35:39,434:INFO:Initializing Fold 10
2020-08-10 16:35:39,441:INFO:Fitting Model
2020-08-10 16:35:39,466:INFO:Evaluating Metrics
2020-08-10 16:35:39,466:WARNING:model has no predict_proba attribute. pred_prob set to 0.00
2020-08-10 16:35:39,474:WARNING:model has no predict_proba attribute. AUC set to 0.00
2020-08-10 16:35:39,481:INFO:Compiling Metrics
2020-08-10 16:35:39,490:INFO:Calculating mean and std
2020-08-10 16:35:39,490:INFO:Creating metrics dataframe
2020-08-10 16:35:39,507:INFO:Initializing Ridge Classifier
2020-08-10 16:35:39,515:INFO:Initializing Fold 1
2020-08-10 16:35:39,523:INFO:Fitting Model
2020-08-10 16:35:39,545:INFO:Evaluating Metrics
2020-08-10 16:35:39,545:WARNING:model has no predict_proba attribute. pred_prob set to 0.00
2020-08-10 16:35:39,592:WARNING:model has no predict_proba attribute. AUC set to 0.00
2020-08-10 16:35:39,598:INFO:Compiling Metrics
2020-08-10 16:35:39,618:INFO:Initializing Fold 2
2020-08-10 16:35:39,659:INFO:Fitting Model
2020-08-10 16:35:39,694:INFO:Evaluating Metrics
2020-08-10 16:35:39,694:WARNING:model has no predict_proba attribute. pred_prob set to 0.00
2020-08-10 16:35:39,717:WARNING:model has no predict_proba attribute. AUC set to 0.00
2020-08-10 16:35:39,733:INFO:Compiling Metrics
2020-08-10 16:35:39,753:INFO:Initializing Fold 3
2020-08-10 16:35:39,761:INFO:Fitting Model
2020-08-10 16:35:39,773:INFO:Evaluating Metrics
2020-08-10 16:35:39,773:WARNING:model has no predict_proba attribute. pred_prob set to 0.00
2020-08-10 16:35:39,782:WARNING:model has no predict_proba attribute. AUC set to 0.00
2020-08-10 16:35:39,787:INFO:Compiling Metrics
2020-08-10 16:35:39,796:INFO:Initializing Fold 4
2020-08-10 16:35:39,802:INFO:Fitting Model
2020-08-10 16:35:39,814:INFO:Evaluating Metrics
2020-08-10 16:35:39,814:WARNING:model has no predict_proba attribute. pred_prob set to 0.00
2020-08-10 16:35:39,821:WARNING:model has no predict_proba attribute. AUC set to 0.00
2020-08-10 16:35:39,827:INFO:Compiling Metrics
2020-08-10 16:35:39,835:INFO:Initializing Fold 5
2020-08-10 16:35:39,840:INFO:Fitting Model
2020-08-10 16:35:39,856:INFO:Evaluating Metrics
2020-08-10 16:35:39,856:WARNING:model has no predict_proba attribute. pred_prob set to 0.00
2020-08-10 16:35:39,865:WARNING:model has no predict_proba attribute. AUC set to 0.00
2020-08-10 16:35:39,870:INFO:Compiling Metrics
2020-08-10 16:35:39,877:INFO:Initializing Fold 6
2020-08-10 16:35:39,883:INFO:Fitting Model
2020-08-10 16:35:39,919:INFO:Evaluating Metrics
2020-08-10 16:35:39,919:WARNING:model has no predict_proba attribute. pred_prob set to 0.00
2020-08-10 16:35:39,932:WARNING:model has no predict_proba attribute. AUC set to 0.00
2020-08-10 16:35:39,951:INFO:Compiling Metrics
2020-08-10 16:35:39,974:INFO:Initializing Fold 7
2020-08-10 16:35:39,987:INFO:Fitting Model
2020-08-10 16:35:40,018:INFO:Evaluating Metrics
2020-08-10 16:35:40,018:WARNING:model has no predict_proba attribute. pred_prob set to 0.00
2020-08-10 16:35:40,025:WARNING:model has no predict_proba attribute. AUC set to 0.00
2020-08-10 16:35:40,032:INFO:Compiling Metrics
2020-08-10 16:35:40,039:INFO:Initializing Fold 8
2020-08-10 16:35:40,045:INFO:Fitting Model
2020-08-10 16:35:40,074:INFO:Evaluating Metrics
2020-08-10 16:35:40,074:WARNING:model has no predict_proba attribute. pred_prob set to 0.00
2020-08-10 16:35:40,087:WARNING:model has no predict_proba attribute. AUC set to 0.00
2020-08-10 16:35:40,092:INFO:Compiling Metrics
2020-08-10 16:35:40,099:INFO:Initializing Fold 9
2020-08-10 16:35:40,106:INFO:Fitting Model
2020-08-10 16:35:40,122:INFO:Evaluating Metrics
2020-08-10 16:35:40,122:WARNING:model has no predict_proba attribute. pred_prob set to 0.00
2020-08-10 16:35:40,136:WARNING:model has no predict_proba attribute. AUC set to 0.00
2020-08-10 16:35:40,143:INFO:Compiling Metrics
2020-08-10 16:35:40,166:INFO:Initializing Fold 10
2020-08-10 16:35:40,179:INFO:Fitting Model
2020-08-10 16:35:40,206:INFO:Evaluating Metrics
2020-08-10 16:35:40,206:WARNING:model has no predict_proba attribute. pred_prob set to 0.00
2020-08-10 16:35:40,221:WARNING:model has no predict_proba attribute. AUC set to 0.00
2020-08-10 16:35:40,237:INFO:Compiling Metrics
2020-08-10 16:35:40,270:INFO:Calculating mean and std
2020-08-10 16:35:40,270:INFO:Creating metrics dataframe
2020-08-10 16:35:40,327:INFO:Initializing Random Forest Classifier
2020-08-10 16:35:40,351:INFO:Initializing Fold 1
2020-08-10 16:35:40,354:INFO:Fitting Model
2020-08-10 16:35:40,466:INFO:Evaluating Metrics
2020-08-10 16:35:40,720:INFO:Compiling Metrics
2020-08-10 16:35:40,737:INFO:Initializing Fold 2
2020-08-10 16:35:40,751:INFO:Fitting Model
2020-08-10 16:35:40,886:INFO:Evaluating Metrics
2020-08-10 16:35:41,127:INFO:Compiling Metrics
2020-08-10 16:35:41,138:INFO:Initializing Fold 3
2020-08-10 16:35:41,147:INFO:Fitting Model
2020-08-10 16:35:41,271:INFO:Evaluating Metrics
2020-08-10 16:35:41,533:INFO:Compiling Metrics
2020-08-10 16:35:41,553:INFO:Initializing Fold 4
2020-08-10 16:35:41,564:INFO:Fitting Model
2020-08-10 16:35:41,681:INFO:Evaluating Metrics
2020-08-10 16:35:41,928:INFO:Compiling Metrics
2020-08-10 16:35:41,938:INFO:Initializing Fold 5
2020-08-10 16:35:41,943:INFO:Fitting Model
2020-08-10 16:35:42,057:INFO:Evaluating Metrics
2020-08-10 16:35:42,305:INFO:Compiling Metrics
2020-08-10 16:35:42,314:INFO:Initializing Fold 6
2020-08-10 16:35:42,320:INFO:Fitting Model
2020-08-10 16:35:42,434:INFO:Evaluating Metrics
2020-08-10 16:35:42,667:INFO:Compiling Metrics
2020-08-10 16:35:42,675:INFO:Initializing Fold 7
2020-08-10 16:35:42,681:INFO:Fitting Model
2020-08-10 16:35:42,794:INFO:Evaluating Metrics
2020-08-10 16:35:43,021:INFO:Compiling Metrics
2020-08-10 16:35:43,030:INFO:Initializing Fold 8
2020-08-10 16:35:43,035:INFO:Fitting Model
2020-08-10 16:35:43,152:INFO:Evaluating Metrics
2020-08-10 16:35:43,378:INFO:Compiling Metrics
2020-08-10 16:35:43,384:INFO:Initializing Fold 9
2020-08-10 16:35:43,388:INFO:Fitting Model
2020-08-10 16:35:43,502:INFO:Evaluating Metrics
2020-08-10 16:35:43,744:INFO:Compiling Metrics
2020-08-10 16:35:43,752:INFO:Initializing Fold 10
2020-08-10 16:35:43,756:INFO:Fitting Model
2020-08-10 16:35:43,870:INFO:Evaluating Metrics
2020-08-10 16:35:44,104:INFO:Compiling Metrics
2020-08-10 16:35:44,111:INFO:Calculating mean and std
2020-08-10 16:35:44,112:INFO:Creating metrics dataframe
2020-08-10 16:35:44,124:INFO:Initializing Quadratic Discriminant Analysis
2020-08-10 16:35:44,131:INFO:Initializing Fold 1
2020-08-10 16:35:44,135:INFO:Fitting Model
2020-08-10 16:35:44,153:INFO:Evaluating Metrics
2020-08-10 16:35:44,171:INFO:Compiling Metrics
2020-08-10 16:35:44,179:INFO:Initializing Fold 2
2020-08-10 16:35:44,187:INFO:Fitting Model
2020-08-10 16:35:44,209:INFO:Evaluating Metrics
2020-08-10 16:35:44,237:INFO:Compiling Metrics
2020-08-10 16:35:44,246:INFO:Initializing Fold 3
2020-08-10 16:35:44,255:INFO:Fitting Model
2020-08-10 16:35:44,272:INFO:Evaluating Metrics
2020-08-10 16:35:44,313:INFO:Compiling Metrics
2020-08-10 16:35:44,321:INFO:Initializing Fold 4
2020-08-10 16:35:44,327:INFO:Fitting Model
2020-08-10 16:35:44,347:INFO:Evaluating Metrics
2020-08-10 16:35:44,383:INFO:Compiling Metrics
2020-08-10 16:35:44,391:INFO:Initializing Fold 5
2020-08-10 16:35:44,398:INFO:Fitting Model
2020-08-10 16:35:44,422:INFO:Evaluating Metrics
2020-08-10 16:35:44,452:INFO:Compiling Metrics
2020-08-10 16:35:44,460:INFO:Initializing Fold 6
2020-08-10 16:35:44,466:INFO:Fitting Model
2020-08-10 16:35:44,513:INFO:Evaluating Metrics
2020-08-10 16:35:44,547:INFO:Compiling Metrics
2020-08-10 16:35:44,557:INFO:Initializing Fold 7
2020-08-10 16:35:44,591:INFO:Fitting Model
2020-08-10 16:35:44,659:INFO:Evaluating Metrics
2020-08-10 16:35:44,712:INFO:Compiling Metrics
2020-08-10 16:35:44,722:INFO:Initializing Fold 8
2020-08-10 16:35:44,742:INFO:Fitting Model
2020-08-10 16:35:44,805:INFO:Evaluating Metrics
2020-08-10 16:35:44,855:INFO:Compiling Metrics
2020-08-10 16:35:44,865:INFO:Initializing Fold 9
2020-08-10 16:35:44,872:INFO:Fitting Model
2020-08-10 16:35:44,891:INFO:Evaluating Metrics
2020-08-10 16:35:44,919:INFO:Compiling Metrics
2020-08-10 16:35:44,930:INFO:Initializing Fold 10
2020-08-10 16:35:44,936:INFO:Fitting Model
2020-08-10 16:35:44,951:INFO:Evaluating Metrics
2020-08-10 16:35:44,975:INFO:Compiling Metrics
2020-08-10 16:35:44,985:INFO:Calculating mean and std
2020-08-10 16:35:44,985:INFO:Creating metrics dataframe
2020-08-10 16:35:45,016:INFO:Initializing Ada Boost Classifier
2020-08-10 16:35:45,024:INFO:Initializing Fold 1
2020-08-10 16:35:45,039:INFO:Fitting Model
2020-08-10 16:35:45,328:INFO:Evaluating Metrics
2020-08-10 16:35:45,369:INFO:Compiling Metrics
2020-08-10 16:35:45,373:INFO:Initializing Fold 2
2020-08-10 16:35:45,378:INFO:Fitting Model
2020-08-10 16:35:45,634:INFO:Evaluating Metrics
2020-08-10 16:35:45,676:INFO:Compiling Metrics
2020-08-10 16:35:45,683:INFO:Initializing Fold 3
2020-08-10 16:35:45,688:INFO:Fitting Model
2020-08-10 16:35:45,937:INFO:Evaluating Metrics
2020-08-10 16:35:45,997:INFO:Compiling Metrics
2020-08-10 16:35:46,004:INFO:Initializing Fold 4
2020-08-10 16:35:46,010:INFO:Fitting Model
2020-08-10 16:35:46,283:INFO:Evaluating Metrics
2020-08-10 16:35:46,323:INFO:Compiling Metrics
2020-08-10 16:35:46,328:INFO:Initializing Fold 5
2020-08-10 16:35:46,332:INFO:Fitting Model
2020-08-10 16:35:46,577:INFO:Evaluating Metrics
2020-08-10 16:35:46,647:INFO:Compiling Metrics
2020-08-10 16:35:46,658:INFO:Initializing Fold 6
2020-08-10 16:35:46,664:INFO:Fitting Model
2020-08-10 16:35:46,913:INFO:Evaluating Metrics
2020-08-10 16:35:46,965:INFO:Compiling Metrics
2020-08-10 16:35:46,974:INFO:Initializing Fold 7
2020-08-10 16:35:46,984:INFO:Fitting Model
2020-08-10 16:35:47,309:INFO:Evaluating Metrics
2020-08-10 16:35:47,353:INFO:Compiling Metrics
2020-08-10 16:35:47,358:INFO:Initializing Fold 8
2020-08-10 16:35:47,364:INFO:Fitting Model
2020-08-10 16:35:47,605:INFO:Evaluating Metrics
2020-08-10 16:35:47,650:INFO:Compiling Metrics
2020-08-10 16:35:47,656:INFO:Initializing Fold 9
2020-08-10 16:35:47,660:INFO:Fitting Model
2020-08-10 16:35:47,894:INFO:Evaluating Metrics
2020-08-10 16:35:47,935:INFO:Compiling Metrics
2020-08-10 16:35:47,941:INFO:Initializing Fold 10
2020-08-10 16:35:47,945:INFO:Fitting Model
2020-08-10 16:35:48,205:INFO:Evaluating Metrics
2020-08-10 16:35:48,247:INFO:Compiling Metrics
2020-08-10 16:35:48,253:INFO:Calculating mean and std
2020-08-10 16:35:48,253:INFO:Creating metrics dataframe
2020-08-10 16:35:48,265:INFO:Initializing Gradient Boosting Classifier
2020-08-10 16:35:48,269:INFO:Initializing Fold 1
2020-08-10 16:35:48,273:INFO:Fitting Model
2020-08-10 16:35:48,842:INFO:Evaluating Metrics
2020-08-10 16:35:48,856:INFO:Compiling Metrics
2020-08-10 16:35:48,861:INFO:Initializing Fold 2
2020-08-10 16:35:48,865:INFO:Fitting Model
2020-08-10 16:35:49,435:INFO:Evaluating Metrics
2020-08-10 16:35:49,449:INFO:Compiling Metrics
2020-08-10 16:35:49,455:INFO:Initializing Fold 3
2020-08-10 16:35:49,458:INFO:Fitting Model
2020-08-10 16:35:50,061:INFO:Evaluating Metrics
2020-08-10 16:35:50,077:INFO:Compiling Metrics
2020-08-10 16:35:50,084:INFO:Initializing Fold 4
2020-08-10 16:35:50,088:INFO:Fitting Model
2020-08-10 16:35:50,670:INFO:Evaluating Metrics
2020-08-10 16:35:50,685:INFO:Compiling Metrics
2020-08-10 16:35:50,690:INFO:Initializing Fold 5
2020-08-10 16:35:50,693:INFO:Fitting Model
2020-08-10 16:35:51,283:INFO:Evaluating Metrics
2020-08-10 16:35:51,296:INFO:Compiling Metrics
2020-08-10 16:35:51,301:INFO:Initializing Fold 6
2020-08-10 16:35:51,305:INFO:Fitting Model
2020-08-10 16:35:51,868:INFO:Evaluating Metrics
2020-08-10 16:35:51,881:INFO:Compiling Metrics
2020-08-10 16:35:51,886:INFO:Initializing Fold 7
2020-08-10 16:35:51,889:INFO:Fitting Model
2020-08-10 16:35:52,444:INFO:Evaluating Metrics
2020-08-10 16:35:52,458:INFO:Compiling Metrics
2020-08-10 16:35:52,465:INFO:Initializing Fold 8
2020-08-10 16:35:52,468:INFO:Fitting Model
2020-08-10 16:35:53,041:INFO:Evaluating Metrics
2020-08-10 16:35:53,056:INFO:Compiling Metrics
2020-08-10 16:35:53,062:INFO:Initializing Fold 9
2020-08-10 16:35:53,067:INFO:Fitting Model
2020-08-10 16:35:53,657:INFO:Evaluating Metrics
2020-08-10 16:35:53,673:INFO:Compiling Metrics
2020-08-10 16:35:53,679:INFO:Initializing Fold 10
2020-08-10 16:35:53,684:INFO:Fitting Model
2020-08-10 16:35:54,288:INFO:Evaluating Metrics
2020-08-10 16:35:54,302:INFO:Compiling Metrics
2020-08-10 16:35:54,306:INFO:Calculating mean and std
2020-08-10 16:35:54,306:INFO:Creating metrics dataframe
2020-08-10 16:35:54,317:INFO:Initializing Linear Discriminant Analysis
2020-08-10 16:35:54,321:INFO:Initializing Fold 1
2020-08-10 16:35:54,324:INFO:Fitting Model
2020-08-10 16:35:54,346:INFO:Evaluating Metrics
2020-08-10 16:35:54,370:INFO:Compiling Metrics
2020-08-10 16:35:54,378:INFO:Initializing Fold 2
2020-08-10 16:35:54,386:INFO:Fitting Model
2020-08-10 16:35:54,425:INFO:Evaluating Metrics
2020-08-10 16:35:54,458:INFO:Compiling Metrics
2020-08-10 16:35:54,472:INFO:Initializing Fold 3
2020-08-10 16:35:54,482:INFO:Fitting Model
2020-08-10 16:35:54,534:INFO:Evaluating Metrics
2020-08-10 16:35:54,551:INFO:Compiling Metrics
2020-08-10 16:35:54,560:INFO:Initializing Fold 4
2020-08-10 16:35:54,567:INFO:Fitting Model
2020-08-10 16:35:54,609:INFO:Evaluating Metrics
2020-08-10 16:35:54,629:INFO:Compiling Metrics
2020-08-10 16:35:54,638:INFO:Initializing Fold 5
2020-08-10 16:35:54,644:INFO:Fitting Model
2020-08-10 16:35:54,674:INFO:Evaluating Metrics
2020-08-10 16:35:54,694:INFO:Compiling Metrics
2020-08-10 16:35:54,702:INFO:Initializing Fold 6
2020-08-10 16:35:54,708:INFO:Fitting Model
2020-08-10 16:35:54,776:INFO:Evaluating Metrics
2020-08-10 16:35:54,795:INFO:Compiling Metrics
2020-08-10 16:35:54,803:INFO:Initializing Fold 7
2020-08-10 16:35:54,810:INFO:Fitting Model
2020-08-10 16:35:54,853:INFO:Evaluating Metrics
2020-08-10 16:35:54,873:INFO:Compiling Metrics
2020-08-10 16:35:54,880:INFO:Initializing Fold 8
2020-08-10 16:35:54,886:INFO:Fitting Model
2020-08-10 16:35:54,916:INFO:Evaluating Metrics
2020-08-10 16:35:54,954:INFO:Compiling Metrics
2020-08-10 16:35:54,969:INFO:Initializing Fold 9
2020-08-10 16:35:54,977:INFO:Fitting Model
2020-08-10 16:35:55,061:INFO:Evaluating Metrics
2020-08-10 16:35:55,164:INFO:Compiling Metrics
2020-08-10 16:35:55,177:INFO:Initializing Fold 10
2020-08-10 16:35:55,187:INFO:Fitting Model
2020-08-10 16:35:55,238:INFO:Evaluating Metrics
2020-08-10 16:35:55,324:INFO:Compiling Metrics
2020-08-10 16:35:55,339:INFO:Calculating mean and std
2020-08-10 16:35:55,339:INFO:Creating metrics dataframe
2020-08-10 16:35:55,369:INFO:Initializing Extra Trees Classifier
2020-08-10 16:35:55,383:INFO:Initializing Fold 1
2020-08-10 16:35:55,388:INFO:Fitting Model
2020-08-10 16:35:55,662:INFO:Evaluating Metrics
2020-08-10 16:35:56,130:INFO:Compiling Metrics
2020-08-10 16:35:56,147:INFO:Initializing Fold 2
2020-08-10 16:35:56,159:INFO:Fitting Model
2020-08-10 16:35:56,443:INFO:Evaluating Metrics
2020-08-10 16:35:56,808:INFO:Compiling Metrics
2020-08-10 16:35:56,833:INFO:Initializing Fold 3
2020-08-10 16:35:56,845:INFO:Fitting Model
2020-08-10 16:35:57,115:INFO:Evaluating Metrics
2020-08-10 16:35:57,603:INFO:Compiling Metrics
2020-08-10 16:35:57,622:INFO:Initializing Fold 4
2020-08-10 16:35:57,635:INFO:Fitting Model
2020-08-10 16:35:57,911:INFO:Evaluating Metrics
2020-08-10 16:35:58,268:INFO:Compiling Metrics
2020-08-10 16:35:58,290:INFO:Initializing Fold 5
2020-08-10 16:35:58,306:INFO:Fitting Model
2020-08-10 16:35:58,598:INFO:Evaluating Metrics
2020-08-10 16:35:58,968:INFO:Compiling Metrics
2020-08-10 16:35:58,987:INFO:Initializing Fold 6
2020-08-10 16:35:59,003:INFO:Fitting Model
2020-08-10 16:35:59,280:INFO:Evaluating Metrics
2020-08-10 16:35:59,642:INFO:Compiling Metrics
2020-08-10 16:35:59,668:INFO:Initializing Fold 7
2020-08-10 16:35:59,679:INFO:Fitting Model
2020-08-10 16:35:59,956:INFO:Evaluating Metrics
2020-08-10 16:36:00,184:INFO:Compiling Metrics
2020-08-10 16:36:00,191:INFO:Initializing Fold 8
2020-08-10 16:36:00,196:INFO:Fitting Model
2020-08-10 16:36:00,476:INFO:Evaluating Metrics
2020-08-10 16:36:00,715:INFO:Compiling Metrics
2020-08-10 16:36:00,728:INFO:Initializing Fold 9
2020-08-10 16:36:00,741:INFO:Fitting Model
2020-08-10 16:36:01,121:INFO:Evaluating Metrics
2020-08-10 16:36:01,505:INFO:Compiling Metrics
2020-08-10 16:36:01,522:INFO:Initializing Fold 10
2020-08-10 16:36:01,531:INFO:Fitting Model
2020-08-10 16:36:01,806:INFO:Evaluating Metrics
2020-08-10 16:36:02,170:INFO:Compiling Metrics
2020-08-10 16:36:02,178:INFO:Calculating mean and std
2020-08-10 16:36:02,178:INFO:Creating metrics dataframe
2020-08-10 16:36:02,191:INFO:Initializing Extreme Gradient Boosting
2020-08-10 16:36:02,198:INFO:Initializing Fold 1
2020-08-10 16:36:02,203:INFO:Fitting Model
2020-08-10 16:36:02,762:INFO:Evaluating Metrics
2020-08-10 16:36:02,776:INFO:Compiling Metrics
2020-08-10 16:36:02,783:INFO:Initializing Fold 2
2020-08-10 16:36:02,787:INFO:Fitting Model
2020-08-10 16:36:03,333:INFO:Evaluating Metrics
2020-08-10 16:36:03,348:INFO:Compiling Metrics
2020-08-10 16:36:03,353:INFO:Initializing Fold 3
2020-08-10 16:36:03,356:INFO:Fitting Model
2020-08-10 16:36:03,978:INFO:Evaluating Metrics
2020-08-10 16:36:03,991:INFO:Compiling Metrics
2020-08-10 16:36:03,995:INFO:Initializing Fold 4
2020-08-10 16:36:03,998:INFO:Fitting Model
2020-08-10 16:36:04,641:INFO:Evaluating Metrics
2020-08-10 16:36:04,663:INFO:Compiling Metrics
2020-08-10 16:36:04,671:INFO:Initializing Fold 5
2020-08-10 16:36:04,677:INFO:Fitting Model
2020-08-10 16:36:05,247:INFO:Evaluating Metrics
2020-08-10 16:36:05,262:INFO:Compiling Metrics
2020-08-10 16:36:05,267:INFO:Initializing Fold 6
2020-08-10 16:36:05,270:INFO:Fitting Model
2020-08-10 16:36:05,821:INFO:Evaluating Metrics
2020-08-10 16:36:05,837:INFO:Compiling Metrics
2020-08-10 16:36:05,842:INFO:Initializing Fold 7
2020-08-10 16:36:05,850:INFO:Fitting Model
2020-08-10 16:36:06,440:INFO:Evaluating Metrics
2020-08-10 16:36:06,455:INFO:Compiling Metrics
2020-08-10 16:36:06,460:INFO:Initializing Fold 8
2020-08-10 16:36:06,465:INFO:Fitting Model
2020-08-10 16:36:07,018:INFO:Evaluating Metrics
2020-08-10 16:36:07,033:INFO:Compiling Metrics
2020-08-10 16:36:07,038:INFO:Initializing Fold 9
2020-08-10 16:36:07,042:INFO:Fitting Model
2020-08-10 16:36:07,589:INFO:Evaluating Metrics
2020-08-10 16:36:07,604:INFO:Compiling Metrics
2020-08-10 16:36:07,608:INFO:Initializing Fold 10
2020-08-10 16:36:07,612:INFO:Fitting Model
2020-08-10 16:36:08,151:INFO:Evaluating Metrics
2020-08-10 16:36:08,168:INFO:Compiling Metrics
2020-08-10 16:36:08,175:INFO:Calculating mean and std
2020-08-10 16:36:08,175:INFO:Creating metrics dataframe
2020-08-10 16:36:08,186:INFO:Initializing Light Gradient Boosting Machine
2020-08-10 16:36:08,190:INFO:Initializing Fold 1
2020-08-10 16:36:08,195:INFO:Fitting Model
2020-08-10 16:36:08,376:INFO:Evaluating Metrics
2020-08-10 16:36:08,411:INFO:Compiling Metrics
2020-08-10 16:36:08,417:INFO:Initializing Fold 2
2020-08-10 16:36:08,421:INFO:Fitting Model
2020-08-10 16:36:08,602:INFO:Evaluating Metrics
2020-08-10 16:36:08,649:INFO:Compiling Metrics
2020-08-10 16:36:08,657:INFO:Initializing Fold 3
2020-08-10 16:36:08,666:INFO:Fitting Model
2020-08-10 16:36:08,862:INFO:Evaluating Metrics
2020-08-10 16:36:08,897:INFO:Compiling Metrics
2020-08-10 16:36:08,902:INFO:Initializing Fold 4
2020-08-10 16:36:08,906:INFO:Fitting Model
2020-08-10 16:36:09,102:INFO:Evaluating Metrics
2020-08-10 16:36:09,152:INFO:Compiling Metrics
2020-08-10 16:36:09,161:INFO:Initializing Fold 5
2020-08-10 16:36:09,169:INFO:Fitting Model
2020-08-10 16:36:09,383:INFO:Evaluating Metrics
2020-08-10 16:36:09,416:INFO:Compiling Metrics
2020-08-10 16:36:09,422:INFO:Initializing Fold 6
2020-08-10 16:36:09,426:INFO:Fitting Model
2020-08-10 16:36:09,609:INFO:Evaluating Metrics
2020-08-10 16:36:09,648:INFO:Compiling Metrics
2020-08-10 16:36:09,657:INFO:Initializing Fold 7
2020-08-10 16:36:09,665:INFO:Fitting Model
2020-08-10 16:36:09,875:INFO:Evaluating Metrics
2020-08-10 16:36:09,921:INFO:Compiling Metrics
2020-08-10 16:36:09,931:INFO:Initializing Fold 8
2020-08-10 16:36:09,937:INFO:Fitting Model
2020-08-10 16:36:10,119:INFO:Evaluating Metrics
2020-08-10 16:36:10,153:INFO:Compiling Metrics
2020-08-10 16:36:10,160:INFO:Initializing Fold 9
2020-08-10 16:36:10,165:INFO:Fitting Model
2020-08-10 16:36:10,349:INFO:Evaluating Metrics
2020-08-10 16:36:10,390:INFO:Compiling Metrics
2020-08-10 16:36:10,400:INFO:Initializing Fold 10
2020-08-10 16:36:10,407:INFO:Fitting Model
2020-08-10 16:36:10,608:INFO:Evaluating Metrics
2020-08-10 16:36:10,654:INFO:Compiling Metrics
2020-08-10 16:36:10,662:INFO:Calculating mean and std
2020-08-10 16:36:10,663:INFO:Creating metrics dataframe
2020-08-10 16:36:10,680:INFO:Initializing CatBoost Classifier
2020-08-10 16:36:10,686:INFO:Initializing Fold 1
2020-08-10 16:36:10,691:INFO:Fitting Model
2020-08-10 16:36:14,028:INFO:Evaluating Metrics
2020-08-10 16:36:14,042:INFO:Compiling Metrics
2020-08-10 16:36:14,048:INFO:Initializing Fold 2
2020-08-10 16:36:14,054:INFO:Fitting Model
2020-08-10 16:36:18,678:INFO:Evaluating Metrics
2020-08-10 16:36:18,694:INFO:Compiling Metrics
2020-08-10 16:36:18,700:INFO:Initializing Fold 3
2020-08-10 16:36:18,705:INFO:Fitting Model
2020-08-10 16:36:24,732:INFO:Evaluating Metrics
2020-08-10 16:36:24,750:INFO:Compiling Metrics
2020-08-10 16:36:24,757:INFO:Initializing Fold 4
2020-08-10 16:36:24,762:INFO:Fitting Model
2020-08-10 16:36:29,689:INFO:Evaluating Metrics
2020-08-10 16:36:29,703:INFO:Compiling Metrics
2020-08-10 16:36:29,708:INFO:Initializing Fold 5
2020-08-10 16:36:29,715:INFO:Fitting Model
2020-08-10 16:36:34,470:INFO:Evaluating Metrics
2020-08-10 16:36:34,499:INFO:Compiling Metrics
2020-08-10 16:36:34,507:INFO:Initializing Fold 6
2020-08-10 16:36:34,512:INFO:Fitting Model
2020-08-10 16:36:39,193:INFO:Evaluating Metrics
2020-08-10 16:36:39,209:INFO:Compiling Metrics
2020-08-10 16:36:39,219:INFO:Initializing Fold 7
2020-08-10 16:36:39,223:INFO:Fitting Model
2020-08-10 16:36:44,175:INFO:Evaluating Metrics
2020-08-10 16:36:44,198:INFO:Compiling Metrics
2020-08-10 16:36:44,207:INFO:Initializing Fold 8
2020-08-10 16:36:44,214:INFO:Fitting Model
2020-08-10 16:36:50,128:INFO:Evaluating Metrics
2020-08-10 16:36:50,146:INFO:Compiling Metrics
2020-08-10 16:36:50,152:INFO:Initializing Fold 9
2020-08-10 16:36:50,156:INFO:Fitting Model
2020-08-10 16:36:55,259:INFO:Evaluating Metrics
2020-08-10 16:36:55,282:INFO:Compiling Metrics
2020-08-10 16:36:55,290:INFO:Initializing Fold 10
2020-08-10 16:36:55,294:INFO:Fitting Model
2020-08-10 16:37:00,211:INFO:Evaluating Metrics
2020-08-10 16:37:00,234:INFO:Compiling Metrics
2020-08-10 16:37:00,240:INFO:Calculating mean and std
2020-08-10 16:37:00,240:INFO:Creating metrics dataframe
2020-08-10 16:37:00,257:INFO:Finalizing top_n models
2020-08-10 16:37:00,257:INFO:SubProcess create_model() called ==================================
2020-08-10 16:37:00,259:INFO:Initializing create_model()
2020-08-10 16:37:00,259:INFO:create_model(estimator=lr, ensemble=False, method=None, fold=10, round=4, cross_validation=True, verbose=False, system=False)
2020-08-10 16:37:00,259:INFO:Checking exceptions
2020-08-10 16:37:00,259:INFO:Preloading libraries
2020-08-10 16:37:00,259:INFO:Preparing display monitor
2020-08-10 16:37:00,270:INFO:Copying training dataset
2020-08-10 16:37:00,271:INFO:Importing libraries
2020-08-10 16:37:00,271:INFO:Defining folds
2020-08-10 16:37:00,271:INFO:Declaring metric variables
2020-08-10 16:37:00,272:INFO:Importing untrained model
2020-08-10 16:37:00,272:INFO:Logistic Regression Imported succesfully
2020-08-10 16:37:00,272:INFO:Checking ensemble method
2020-08-10 16:37:00,275:INFO:Initializing Fold 1
2020-08-10 16:37:00,277:INFO:Fitting Model
2020-08-10 16:37:00,555:INFO:Evaluating Metrics
2020-08-10 16:37:00,587:INFO:Compiling Metrics
2020-08-10 16:37:00,605:INFO:Initializing Fold 2
2020-08-10 16:37:00,609:INFO:Fitting Model
2020-08-10 16:37:01,007:INFO:Evaluating Metrics
2020-08-10 16:37:01,045:INFO:Compiling Metrics
2020-08-10 16:37:01,064:INFO:Initializing Fold 3
2020-08-10 16:37:01,068:INFO:Fitting Model
2020-08-10 16:37:01,455:INFO:Evaluating Metrics
2020-08-10 16:37:01,485:INFO:Compiling Metrics
2020-08-10 16:37:01,500:INFO:Initializing Fold 4
2020-08-10 16:37:01,505:INFO:Fitting Model
2020-08-10 16:37:01,883:INFO:Evaluating Metrics
2020-08-10 16:37:01,918:INFO:Compiling Metrics
2020-08-10 16:37:01,935:INFO:Initializing Fold 5
2020-08-10 16:37:01,939:INFO:Fitting Model
2020-08-10 16:37:02,381:INFO:Evaluating Metrics
2020-08-10 16:37:02,417:INFO:Compiling Metrics
2020-08-10 16:37:02,435:INFO:Initializing Fold 6
2020-08-10 16:37:02,439:INFO:Fitting Model
2020-08-10 16:37:02,756:INFO:Evaluating Metrics
2020-08-10 16:37:02,786:INFO:Compiling Metrics
2020-08-10 16:37:02,805:INFO:Initializing Fold 7
2020-08-10 16:37:02,809:INFO:Fitting Model
2020-08-10 16:37:03,204:INFO:Evaluating Metrics
2020-08-10 16:37:03,235:INFO:Compiling Metrics
2020-08-10 16:37:03,252:INFO:Initializing Fold 8
2020-08-10 16:37:03,256:INFO:Fitting Model
2020-08-10 16:37:03,578:INFO:Evaluating Metrics
2020-08-10 16:37:03,614:INFO:Compiling Metrics
2020-08-10 16:37:03,633:INFO:Initializing Fold 9
2020-08-10 16:37:03,638:INFO:Fitting Model
2020-08-10 16:37:03,920:INFO:Evaluating Metrics
2020-08-10 16:37:03,977:INFO:Compiling Metrics
2020-08-10 16:37:03,998:INFO:Initializing Fold 10
2020-08-10 16:37:04,003:INFO:Fitting Model
2020-08-10 16:37:04,394:INFO:Evaluating Metrics
2020-08-10 16:37:04,426:INFO:Compiling Metrics
2020-08-10 16:37:04,447:INFO:Calculating mean and std
2020-08-10 16:37:04,448:INFO:Creating metrics dataframe
2020-08-10 16:37:04,473:INFO:Finalizing model
2020-08-10 16:37:04,708:INFO:Uploading results into container
2020-08-10 16:37:04,708:INFO:Uploading model into container now
2020-08-10 16:37:04,708:INFO:create_model_container: 1
2020-08-10 16:37:04,708:INFO:master_model_container: 1
2020-08-10 16:37:04,708:INFO:display_container: 1
2020-08-10 16:37:04,709:INFO:LogisticRegression(C=1.0, class_weight=None, dual=False, fit_intercept=True,
                   intercept_scaling=1, l1_ratio=None, max_iter=100,
                   multi_class='auto', n_jobs=None, penalty='l2',
                   random_state=3180, solver='lbfgs', tol=0.0001, verbose=0,
                   warm_start=False)
2020-08-10 16:37:04,710:INFO:create_model() succesfully completed......................................
2020-08-10 16:37:04,710:INFO:SubProcess create_model() end ==================================
2020-08-10 16:37:04,711:INFO:create_model_container: 1
2020-08-10 16:37:04,711:INFO:master_model_container: 1
2020-08-10 16:37:04,711:INFO:display_container: 2
2020-08-10 16:37:04,712:INFO:LogisticRegression(C=1.0, class_weight=None, dual=False, fit_intercept=True,
                   intercept_scaling=1, l1_ratio=None, max_iter=100,
                   multi_class='auto', n_jobs=None, penalty='l2',
                   random_state=3180, solver='lbfgs', tol=0.0001, verbose=0,
                   warm_start=False)
2020-08-10 16:37:04,712:INFO:compare_models() succesfully completed......................................
2020-08-10 16:38:17,402:INFO:Initializing create_model()
2020-08-10 16:38:17,402:INFO:create_model(estimator=dt, ensemble=False, method=None, fold=10, round=4, cross_validation=True, verbose=True, system=True)
2020-08-10 16:38:17,402:INFO:Checking exceptions
2020-08-10 16:38:17,402:INFO:Preloading libraries
2020-08-10 16:38:17,402:INFO:Preparing display monitor
2020-08-10 16:38:17,431:INFO:Copying training dataset
2020-08-10 16:38:17,432:INFO:Importing libraries
2020-08-10 16:38:17,432:INFO:Defining folds
2020-08-10 16:38:17,432:INFO:Declaring metric variables
2020-08-10 16:38:17,443:INFO:Importing untrained model
2020-08-10 16:38:17,443:INFO:Decision Tree Classifier Imported succesfully
2020-08-10 16:38:17,444:INFO:Checking ensemble method
2020-08-10 16:38:17,462:INFO:Initializing Fold 1
2020-08-10 16:38:17,479:INFO:Fitting Model
2020-08-10 16:38:17,510:INFO:Evaluating Metrics
2020-08-10 16:38:17,535:INFO:Compiling Metrics
2020-08-10 16:38:17,573:INFO:Initializing Fold 2
2020-08-10 16:38:17,584:INFO:Fitting Model
2020-08-10 16:38:17,609:INFO:Evaluating Metrics
2020-08-10 16:38:17,629:INFO:Compiling Metrics
2020-08-10 16:38:17,668:INFO:Initializing Fold 3
2020-08-10 16:38:17,676:INFO:Fitting Model
2020-08-10 16:38:17,700:INFO:Evaluating Metrics
2020-08-10 16:38:17,719:INFO:Compiling Metrics
2020-08-10 16:38:17,753:INFO:Initializing Fold 4
2020-08-10 16:38:17,763:INFO:Fitting Model
2020-08-10 16:38:17,784:INFO:Evaluating Metrics
2020-08-10 16:38:17,798:INFO:Compiling Metrics
2020-08-10 16:38:17,827:INFO:Initializing Fold 5
2020-08-10 16:38:17,837:INFO:Fitting Model
2020-08-10 16:38:17,858:INFO:Evaluating Metrics
2020-08-10 16:38:17,875:INFO:Compiling Metrics
2020-08-10 16:38:17,912:INFO:Initializing Fold 6
2020-08-10 16:38:17,924:INFO:Fitting Model
2020-08-10 16:38:17,951:INFO:Evaluating Metrics
2020-08-10 16:38:17,968:INFO:Compiling Metrics
2020-08-10 16:38:18,004:INFO:Initializing Fold 7
2020-08-10 16:38:18,014:INFO:Fitting Model
2020-08-10 16:38:18,035:INFO:Evaluating Metrics
2020-08-10 16:38:18,051:INFO:Compiling Metrics
2020-08-10 16:38:18,080:INFO:Initializing Fold 8
2020-08-10 16:38:18,089:INFO:Fitting Model
2020-08-10 16:38:18,110:INFO:Evaluating Metrics
2020-08-10 16:38:18,126:INFO:Compiling Metrics
2020-08-10 16:38:18,161:INFO:Initializing Fold 9
2020-08-10 16:38:18,173:INFO:Fitting Model
2020-08-10 16:38:18,195:INFO:Evaluating Metrics
2020-08-10 16:38:18,210:INFO:Compiling Metrics
2020-08-10 16:38:18,247:INFO:Initializing Fold 10
2020-08-10 16:38:18,257:INFO:Fitting Model
2020-08-10 16:38:18,282:INFO:Evaluating Metrics
2020-08-10 16:38:18,296:INFO:Compiling Metrics
2020-08-10 16:38:18,326:INFO:Calculating mean and std
2020-08-10 16:38:18,327:INFO:Creating metrics dataframe
2020-08-10 16:38:18,340:INFO:Finalizing model
2020-08-10 16:38:18,364:INFO:Uploading results into container
2020-08-10 16:38:18,364:INFO:Uploading model into container now
2020-08-10 16:38:18,365:INFO:create_model_container: 2
2020-08-10 16:38:18,365:INFO:master_model_container: 2
2020-08-10 16:38:18,365:INFO:display_container: 3
2020-08-10 16:38:18,365:INFO:DecisionTreeClassifier(ccp_alpha=0.0, class_weight=None, criterion='gini',
                       max_depth=None, max_features=None, max_leaf_nodes=None,
                       min_impurity_decrease=0.0, min_impurity_split=None,
                       min_samples_leaf=1, min_samples_split=2,
                       min_weight_fraction_leaf=0.0, presort='deprecated',
                       random_state=3180, splitter='best')
2020-08-10 16:38:18,365:INFO:create_model() succesfully completed......................................
2020-08-10 16:38:57,472:INFO:Initializing tune_model()
2020-08-10 16:38:57,472:INFO:tune_model(estimator=dt, fold=10, round=4, n_iter=10, custom_grid=None, optimize=Accuracy, choose_better=False, verbose=True)
2020-08-10 16:38:57,472:INFO:Checking exceptions
2020-08-10 16:40:08,516:INFO:Initializing tune_model()
2020-08-10 16:40:08,517:INFO:tune_model(estimator=dt, fold=10, round=4, n_iter=10, custom_grid=None, optimize=Accuracy, choose_better=False, verbose=True)
2020-08-10 16:40:08,517:INFO:Checking exceptions
2020-08-10 16:42:21,753:INFO:Initializing plot_model()
2020-08-10 16:42:21,754:INFO:plot_model(estimator=DecisionTreeClassifier(ccp_alpha=0.0, class_weight=None, criterion='gini',
                       max_depth=None, max_features=None, max_leaf_nodes=None,
                       min_impurity_decrease=0.0, min_impurity_split=None,
                       min_samples_leaf=1, min_samples_split=2,
                       min_weight_fraction_leaf=0.0, presort='deprecated',
                       random_state=3180, splitter='best'), plot=boundary, save=False, verbose=True, system=True)
2020-08-10 16:42:21,754:INFO:Checking exceptions
2020-08-10 16:42:21,757:INFO:Preloading libraries
2020-08-10 16:42:21,757:INFO:Preparing display monitor
2020-08-10 16:42:21,766:INFO:Importing libraries
2020-08-10 16:42:21,767:INFO:plot type: boundary
2020-08-10 16:42:21,913:INFO:Fitting StandardScaler()
2020-08-10 16:42:21,936:INFO:Fitting PCA()
2020-08-10 16:42:22,077:INFO:Fitting Model
2020-08-10 16:42:23,835:INFO:Visual Rendered Successfully
2020-08-10 16:42:23,835:INFO:plot_model() succesfully completed......................................
